<testsuite failures="0" name="src/test/java/featurefiles/Karate05.feature" skipped="0" tests="1" time="0.914885">
  <testcase classname="src.test.java.featurefiles.Karate05" name="Rest Testcase1" time="0.914885">
    <system-out>Given url "https://www.w3schools.com/xml/tempconvert.asmx/CelsiusToFahrenheit" . passed
And header Content-Type = "application/x-www-form-urlencoded" ............. passed
And request "Celsius=40" .................................................. passed
When method POST .......................................................... passed
Then status 200 ........................................................... passed
Then print response ....................................................... passed
* print responseHeaders ................................................... passed
* print responseTime ...................................................... passed
* print responseType ...................................................... passed
* match response //string == 104 .......................................... passed</system-out>
  </testcase>
</testsuite>
