<testsuite failures="0" name="src/test/java/featurefiles/Karate01.feature" skipped="0" tests="1" time="0.047052">
  <testcase classname="src.test.java.featurefiles.Karate01" name="Karate testcase4" time="0.047052">
    <system-out>* def a = 10 .............................................................. passed
* def b = 20 .............................................................. passed
Then def c = a + b ........................................................ passed
Given assert c == 30 ...................................................... passed
* print "C = ",c .......................................................... passed
* karate.log("End of the Test") ........................................... passed</system-out>
  </testcase>
</testsuite>
