<testsuite failures="8" name="featurefiles/Kafka03.feature" skipped="0" tests="8" time="40.045352">
  <testcase classname="featurefiles.Kafka03" name="Creating Consumer" time="5.011684">
    <failure message="Kafka03.feature:19 - &#10;java.net.SocketTimeoutException: Read timed out">Given url "http://192.168.1.62:8082" ...................................... passed
Given path "/consumers/my-consumer-group" ................................. passed
And request ............................................................... passed
And header Content-Type = "application/vnd.kafka.json.v2+json" ............ passed
When method post .......................................................... failed

Stack Trace:
com.intuit.karate.exception.KarateException: Kafka03.feature:19 - 
java.net.SocketTimeoutException: Read timed out&#13;
	at ✽.When method post (Kafka03.feature:19)&#13;

Then status 200 ........................................................... skipped
* print response .......................................................... skipped
* match response.instance_id == "Manohar_consumer" ........................ skipped
* def consumer_url = response.base_uri .................................... skipped
* print consumer_url ...................................................... skipped</failure>
  </testcase>
  <testcase classname="featurefiles.Kafka03" name="Subscribing to topic" time="5.005802">
    <failure message="Kafka03.feature:37 - &#10;java.net.SocketTimeoutException: Read timed out">Given url "http://192.168.1.62:8082" ...................................... passed
Given path "/consumers/my-consumer-group" ................................. passed
And request ............................................................... passed
And header Content-Type = "application/vnd.kafka.json.v2+json" ............ passed
When method post .......................................................... failed

Stack Trace:
com.intuit.karate.exception.KarateException: Kafka03.feature:19 - 
java.net.SocketTimeoutException: Read timed out&#13;
	at ✽.When method post (Kafka03.feature:19)&#13;

Then status 200 ........................................................... skipped
* print response .......................................................... skipped
* match response.instance_id == "Manohar_consumer" ........................ skipped
* def consumer_url = response.base_uri .................................... skipped
* print consumer_url ...................................................... skipped
Given url "http://192.168.1.62:8082" ...................................... passed
Given path "/consumers/my-consumer-group/instances/Manohar_consumer/subscription" . passed
And request ............................................................... passed
And header Content-Type = "application/vnd.kafka.v2+json" ................. passed
When method post .......................................................... failed

Stack Trace:
com.intuit.karate.exception.KarateException: Kafka03.feature:37 - 
java.net.SocketTimeoutException: Read timed out&#13;
	at ✽.When method post (Kafka03.feature:37)&#13;

Then status 204 ........................................................... skipped</failure>
  </testcase>
  <testcase classname="featurefiles.Kafka03" name="Getting Subscription" time="5.015207">
    <failure message="Kafka03.feature:45 - &#10;java.net.SocketTimeoutException: Read timed out">Given url "http://192.168.1.62:8082" ...................................... passed
Given path "/consumers/my-consumer-group" ................................. passed
And request ............................................................... passed
And header Content-Type = "application/vnd.kafka.json.v2+json" ............ passed
When method post .......................................................... failed

Stack Trace:
com.intuit.karate.exception.KarateException: Kafka03.feature:19 - 
java.net.SocketTimeoutException: Read timed out&#13;
	at ✽.When method post (Kafka03.feature:19)&#13;

Then status 200 ........................................................... skipped
* print response .......................................................... skipped
* match response.instance_id == "Manohar_consumer" ........................ skipped
* def consumer_url = response.base_uri .................................... skipped
* print consumer_url ...................................................... skipped
Given url "http://192.168.1.62:8082" ...................................... passed
Given path "/consumers/my-consumer-group/instances/Manohar_consumer/subscription" . passed
And request ............................................................... passed
And header Content-Type = "application/vnd.kafka.v2+json" ................. passed
When method post .......................................................... failed

Stack Trace:
com.intuit.karate.exception.KarateException: Kafka03.feature:37 - 
java.net.SocketTimeoutException: Read timed out&#13;
	at ✽.When method post (Kafka03.feature:37)&#13;

Then status 204 ........................................................... skipped
Given url "http://192.168.1.62:8082" ...................................... passed
Given path "/consumers/my-consumer-group/instances/Manohar_consumer/subscription" . passed
And header Accept = "application/vnd.kafka.v2+json" ....................... passed
When method get ........................................................... failed

Stack Trace:
com.intuit.karate.exception.KarateException: Kafka03.feature:45 - 
java.net.SocketTimeoutException: Read timed out&#13;
	at ✽.When method get (Kafka03.feature:45)&#13;

Then status 200 ........................................................... skipped
* print response .......................................................... skipped
* assert response.topics[0] == "manohar" .................................. skipped</failure>
  </testcase>
  <testcase classname="featurefiles.Kafka03" name="Getting Subscription records" time="5.008176">
    <failure message="Kafka03.feature:56 - &#10;java.net.SocketTimeoutException: Read timed out">Given url "http://192.168.1.62:8082" ...................................... passed
Given path "/consumers/my-consumer-group" ................................. passed
And request ............................................................... passed
And header Content-Type = "application/vnd.kafka.json.v2+json" ............ passed
When method post .......................................................... failed

Stack Trace:
com.intuit.karate.exception.KarateException: Kafka03.feature:19 - 
java.net.SocketTimeoutException: Read timed out&#13;
	at ✽.When method post (Kafka03.feature:19)&#13;

Then status 200 ........................................................... skipped
* print response .......................................................... skipped
* match response.instance_id == "Manohar_consumer" ........................ skipped
* def consumer_url = response.base_uri .................................... skipped
* print consumer_url ...................................................... skipped
Given url "http://192.168.1.62:8082" ...................................... passed
Given path "/consumers/my-consumer-group/instances/Manohar_consumer/subscription" . passed
And request ............................................................... passed
And header Content-Type = "application/vnd.kafka.v2+json" ................. passed
When method post .......................................................... failed

Stack Trace:
com.intuit.karate.exception.KarateException: Kafka03.feature:37 - 
java.net.SocketTimeoutException: Read timed out&#13;
	at ✽.When method post (Kafka03.feature:37)&#13;

Then status 204 ........................................................... skipped
Given url "http://192.168.1.62:8082" ...................................... passed
Given path "/consumers/my-consumer-group/instances/Manohar_consumer/subscription" . passed
And header Accept = "application/vnd.kafka.v2+json" ....................... passed
When method get ........................................................... failed

Stack Trace:
com.intuit.karate.exception.KarateException: Kafka03.feature:45 - 
java.net.SocketTimeoutException: Read timed out&#13;
	at ✽.When method get (Kafka03.feature:45)&#13;

Then status 200 ........................................................... skipped
* print response .......................................................... skipped
* assert response.topics[0] == "manohar" .................................. skipped
Given url "http://192.168.1.62:8082" ...................................... passed
Given path "/consumers/my-consumer-group/instances/Manohar_consumer/records" . passed
And param timeout = 3000 .................................................. passed
And param max_bytes = 300000 .............................................. passed
And header Accept = "application/vnd.kafka.json.v2+json" .................. passed
When method get ........................................................... failed

Stack Trace:
com.intuit.karate.exception.KarateException: Kafka03.feature:56 - 
java.net.SocketTimeoutException: Read timed out&#13;
	at ✽.When method get (Kafka03.feature:56)&#13;

Then status 200 ........................................................... skipped
* print response .......................................................... skipped</failure>
  </testcase>
  <testcase classname="featurefiles.Kafka03" name="Getting assigned Assignments" time="5.008567">
    <failure message="Kafka03.feature:64 - &#10;java.net.SocketTimeoutException: Read timed out">Given url "http://192.168.1.62:8082" ...................................... passed
Given path "/consumers/my-consumer-group" ................................. passed
And request ............................................................... passed
And header Content-Type = "application/vnd.kafka.json.v2+json" ............ passed
When method post .......................................................... failed

Stack Trace:
com.intuit.karate.exception.KarateException: Kafka03.feature:19 - 
java.net.SocketTimeoutException: Read timed out&#13;
	at ✽.When method post (Kafka03.feature:19)&#13;

Then status 200 ........................................................... skipped
* print response .......................................................... skipped
* match response.instance_id == "Manohar_consumer" ........................ skipped
* def consumer_url = response.base_uri .................................... skipped
* print consumer_url ...................................................... skipped
Given url "http://192.168.1.62:8082" ...................................... passed
Given path "/consumers/my-consumer-group/instances/Manohar_consumer/subscription" . passed
And request ............................................................... passed
And header Content-Type = "application/vnd.kafka.v2+json" ................. passed
When method post .......................................................... failed

Stack Trace:
com.intuit.karate.exception.KarateException: Kafka03.feature:37 - 
java.net.SocketTimeoutException: Read timed out&#13;
	at ✽.When method post (Kafka03.feature:37)&#13;

Then status 204 ........................................................... skipped
Given url "http://192.168.1.62:8082" ...................................... passed
Given path "/consumers/my-consumer-group/instances/Manohar_consumer/subscription" . passed
And header Accept = "application/vnd.kafka.v2+json" ....................... passed
When method get ........................................................... failed

Stack Trace:
com.intuit.karate.exception.KarateException: Kafka03.feature:45 - 
java.net.SocketTimeoutException: Read timed out&#13;
	at ✽.When method get (Kafka03.feature:45)&#13;

Then status 200 ........................................................... skipped
* print response .......................................................... skipped
* assert response.topics[0] == "manohar" .................................. skipped
Given url "http://192.168.1.62:8082" ...................................... passed
Given path "/consumers/my-consumer-group/instances/Manohar_consumer/records" . passed
And param timeout = 3000 .................................................. passed
And param max_bytes = 300000 .............................................. passed
And header Accept = "application/vnd.kafka.json.v2+json" .................. passed
When method get ........................................................... failed

Stack Trace:
com.intuit.karate.exception.KarateException: Kafka03.feature:56 - 
java.net.SocketTimeoutException: Read timed out&#13;
	at ✽.When method get (Kafka03.feature:56)&#13;

Then status 200 ........................................................... skipped
* print response .......................................................... skipped
Given url "http://192.168.1.62:8082" ...................................... passed
Given path "/consumers/my-consumer-group/instances/Manohar_consumer/assignments" . passed
And header Accept = "application/vnd.kafka.v2+json" ....................... passed
When method get ........................................................... failed

Stack Trace:
com.intuit.karate.exception.KarateException: Kafka03.feature:64 - 
java.net.SocketTimeoutException: Read timed out&#13;
	at ✽.When method get (Kafka03.feature:64)&#13;

Then status 200 ........................................................... skipped
* print response .......................................................... skipped
* assert response.partitions[0].topic == "manohar" ........................ skipped</failure>
  </testcase>
  <testcase classname="featurefiles.Kafka03" name="Deleting assigned subscription" time="4.999975">
    <failure message="Kafka03.feature:74 - &#10;java.net.SocketTimeoutException: Read timed out">Given url "http://192.168.1.62:8082" ...................................... passed
Given path "/consumers/my-consumer-group" ................................. passed
And request ............................................................... passed
And header Content-Type = "application/vnd.kafka.json.v2+json" ............ passed
When method post .......................................................... failed

Stack Trace:
com.intuit.karate.exception.KarateException: Kafka03.feature:19 - 
java.net.SocketTimeoutException: Read timed out&#13;
	at ✽.When method post (Kafka03.feature:19)&#13;

Then status 200 ........................................................... skipped
* print response .......................................................... skipped
* match response.instance_id == "Manohar_consumer" ........................ skipped
* def consumer_url = response.base_uri .................................... skipped
* print consumer_url ...................................................... skipped
Given url "http://192.168.1.62:8082" ...................................... passed
Given path "/consumers/my-consumer-group/instances/Manohar_consumer/subscription" . passed
And request ............................................................... passed
And header Content-Type = "application/vnd.kafka.v2+json" ................. passed
When method post .......................................................... failed

Stack Trace:
com.intuit.karate.exception.KarateException: Kafka03.feature:37 - 
java.net.SocketTimeoutException: Read timed out&#13;
	at ✽.When method post (Kafka03.feature:37)&#13;

Then status 204 ........................................................... skipped
Given url "http://192.168.1.62:8082" ...................................... passed
Given path "/consumers/my-consumer-group/instances/Manohar_consumer/subscription" . passed
And header Accept = "application/vnd.kafka.v2+json" ....................... passed
When method get ........................................................... failed

Stack Trace:
com.intuit.karate.exception.KarateException: Kafka03.feature:45 - 
java.net.SocketTimeoutException: Read timed out&#13;
	at ✽.When method get (Kafka03.feature:45)&#13;

Then status 200 ........................................................... skipped
* print response .......................................................... skipped
* assert response.topics[0] == "manohar" .................................. skipped
Given url "http://192.168.1.62:8082" ...................................... passed
Given path "/consumers/my-consumer-group/instances/Manohar_consumer/records" . passed
And param timeout = 3000 .................................................. passed
And param max_bytes = 300000 .............................................. passed
And header Accept = "application/vnd.kafka.json.v2+json" .................. passed
When method get ........................................................... failed

Stack Trace:
com.intuit.karate.exception.KarateException: Kafka03.feature:56 - 
java.net.SocketTimeoutException: Read timed out&#13;
	at ✽.When method get (Kafka03.feature:56)&#13;

Then status 200 ........................................................... skipped
* print response .......................................................... skipped
Given url "http://192.168.1.62:8082" ...................................... passed
Given path "/consumers/my-consumer-group/instances/Manohar_consumer/assignments" . passed
And header Accept = "application/vnd.kafka.v2+json" ....................... passed
When method get ........................................................... failed

Stack Trace:
com.intuit.karate.exception.KarateException: Kafka03.feature:64 - 
java.net.SocketTimeoutException: Read timed out&#13;
	at ✽.When method get (Kafka03.feature:64)&#13;

Then status 200 ........................................................... skipped
* print response .......................................................... skipped
* assert response.partitions[0].topic == "manohar" ........................ skipped
Given url "http://192.168.1.62:8082" ...................................... passed
Given path "/consumers/my-consumer-group/instances/Manohar_consumer/subscription" . passed
And header Accept = "application/vnd.kafka.v2+json" ....................... passed
When method delete ........................................................ failed

Stack Trace:
com.intuit.karate.exception.KarateException: Kafka03.feature:74 - 
java.net.SocketTimeoutException: Read timed out&#13;
	at ✽.When method delete (Kafka03.feature:74)&#13;

Then status 204 ........................................................... skipped</failure>
  </testcase>
  <testcase classname="featurefiles.Kafka03" name="Deleting consumer" time="5.002529">
    <failure message="Kafka03.feature:81 - &#10;java.net.SocketTimeoutException: Read timed out">Given url "http://192.168.1.62:8082" ...................................... passed
Given path "/consumers/my-consumer-group" ................................. passed
And request ............................................................... passed
And header Content-Type = "application/vnd.kafka.json.v2+json" ............ passed
When method post .......................................................... failed

Stack Trace:
com.intuit.karate.exception.KarateException: Kafka03.feature:19 - 
java.net.SocketTimeoutException: Read timed out&#13;
	at ✽.When method post (Kafka03.feature:19)&#13;

Then status 200 ........................................................... skipped
* print response .......................................................... skipped
* match response.instance_id == "Manohar_consumer" ........................ skipped
* def consumer_url = response.base_uri .................................... skipped
* print consumer_url ...................................................... skipped
Given url "http://192.168.1.62:8082" ...................................... passed
Given path "/consumers/my-consumer-group/instances/Manohar_consumer/subscription" . passed
And request ............................................................... passed
And header Content-Type = "application/vnd.kafka.v2+json" ................. passed
When method post .......................................................... failed

Stack Trace:
com.intuit.karate.exception.KarateException: Kafka03.feature:37 - 
java.net.SocketTimeoutException: Read timed out&#13;
	at ✽.When method post (Kafka03.feature:37)&#13;

Then status 204 ........................................................... skipped
Given url "http://192.168.1.62:8082" ...................................... passed
Given path "/consumers/my-consumer-group/instances/Manohar_consumer/subscription" . passed
And header Accept = "application/vnd.kafka.v2+json" ....................... passed
When method get ........................................................... failed

Stack Trace:
com.intuit.karate.exception.KarateException: Kafka03.feature:45 - 
java.net.SocketTimeoutException: Read timed out&#13;
	at ✽.When method get (Kafka03.feature:45)&#13;

Then status 200 ........................................................... skipped
* print response .......................................................... skipped
* assert response.topics[0] == "manohar" .................................. skipped
Given url "http://192.168.1.62:8082" ...................................... passed
Given path "/consumers/my-consumer-group/instances/Manohar_consumer/records" . passed
And param timeout = 3000 .................................................. passed
And param max_bytes = 300000 .............................................. passed
And header Accept = "application/vnd.kafka.json.v2+json" .................. passed
When method get ........................................................... failed

Stack Trace:
com.intuit.karate.exception.KarateException: Kafka03.feature:56 - 
java.net.SocketTimeoutException: Read timed out&#13;
	at ✽.When method get (Kafka03.feature:56)&#13;

Then status 200 ........................................................... skipped
* print response .......................................................... skipped
Given url "http://192.168.1.62:8082" ...................................... passed
Given path "/consumers/my-consumer-group/instances/Manohar_consumer/assignments" . passed
And header Accept = "application/vnd.kafka.v2+json" ....................... passed
When method get ........................................................... failed

Stack Trace:
com.intuit.karate.exception.KarateException: Kafka03.feature:64 - 
java.net.SocketTimeoutException: Read timed out&#13;
	at ✽.When method get (Kafka03.feature:64)&#13;

Then status 200 ........................................................... skipped
* print response .......................................................... skipped
* assert response.partitions[0].topic == "manohar" ........................ skipped
Given url "http://192.168.1.62:8082" ...................................... passed
Given path "/consumers/my-consumer-group/instances/Manohar_consumer/subscription" . passed
And header Accept = "application/vnd.kafka.v2+json" ....................... passed
When method delete ........................................................ failed

Stack Trace:
com.intuit.karate.exception.KarateException: Kafka03.feature:74 - 
java.net.SocketTimeoutException: Read timed out&#13;
	at ✽.When method delete (Kafka03.feature:74)&#13;

Then status 204 ........................................................... skipped
Given url "http://192.168.1.62:8082" ...................................... passed
Given path "/consumers/my-consumer-group/instances/Manohar_consumer" ...... passed
And header Accept = "application/vnd.kafka.v2+json" ....................... passed
When method delete ........................................................ failed

Stack Trace:
com.intuit.karate.exception.KarateException: Kafka03.feature:81 - 
java.net.SocketTimeoutException: Read timed out&#13;
	at ✽.When method delete (Kafka03.feature:81)&#13;

Then status 204 ........................................................... skipped</failure>
  </testcase>
  <testcase classname="featurefiles.Kafka03" name="Deleting consumer - Negative Test Case" time="4.993411">
    <failure message="Kafka03.feature:87 - &#10;java.net.SocketTimeoutException: Read timed out">Given url "http://192.168.1.62:8082" ...................................... passed
Given path "/consumers/my-consumer-group" ................................. passed
And request ............................................................... passed
And header Content-Type = "application/vnd.kafka.json.v2+json" ............ passed
When method post .......................................................... failed

Stack Trace:
com.intuit.karate.exception.KarateException: Kafka03.feature:19 - 
java.net.SocketTimeoutException: Read timed out&#13;
	at ✽.When method post (Kafka03.feature:19)&#13;

Then status 200 ........................................................... skipped
* print response .......................................................... skipped
* match response.instance_id == "Manohar_consumer" ........................ skipped
* def consumer_url = response.base_uri .................................... skipped
* print consumer_url ...................................................... skipped
Given url "http://192.168.1.62:8082" ...................................... passed
Given path "/consumers/my-consumer-group/instances/Manohar_consumer/subscription" . passed
And request ............................................................... passed
And header Content-Type = "application/vnd.kafka.v2+json" ................. passed
When method post .......................................................... failed

Stack Trace:
com.intuit.karate.exception.KarateException: Kafka03.feature:37 - 
java.net.SocketTimeoutException: Read timed out&#13;
	at ✽.When method post (Kafka03.feature:37)&#13;

Then status 204 ........................................................... skipped
Given url "http://192.168.1.62:8082" ...................................... passed
Given path "/consumers/my-consumer-group/instances/Manohar_consumer/subscription" . passed
And header Accept = "application/vnd.kafka.v2+json" ....................... passed
When method get ........................................................... failed

Stack Trace:
com.intuit.karate.exception.KarateException: Kafka03.feature:45 - 
java.net.SocketTimeoutException: Read timed out&#13;
	at ✽.When method get (Kafka03.feature:45)&#13;

Then status 200 ........................................................... skipped
* print response .......................................................... skipped
* assert response.topics[0] == "manohar" .................................. skipped
Given url "http://192.168.1.62:8082" ...................................... passed
Given path "/consumers/my-consumer-group/instances/Manohar_consumer/records" . passed
And param timeout = 3000 .................................................. passed
And param max_bytes = 300000 .............................................. passed
And header Accept = "application/vnd.kafka.json.v2+json" .................. passed
When method get ........................................................... failed

Stack Trace:
com.intuit.karate.exception.KarateException: Kafka03.feature:56 - 
java.net.SocketTimeoutException: Read timed out&#13;
	at ✽.When method get (Kafka03.feature:56)&#13;

Then status 200 ........................................................... skipped
* print response .......................................................... skipped
Given url "http://192.168.1.62:8082" ...................................... passed
Given path "/consumers/my-consumer-group/instances/Manohar_consumer/assignments" . passed
And header Accept = "application/vnd.kafka.v2+json" ....................... passed
When method get ........................................................... failed

Stack Trace:
com.intuit.karate.exception.KarateException: Kafka03.feature:64 - 
java.net.SocketTimeoutException: Read timed out&#13;
	at ✽.When method get (Kafka03.feature:64)&#13;

Then status 200 ........................................................... skipped
* print response .......................................................... skipped
* assert response.partitions[0].topic == "manohar" ........................ skipped
Given url "http://192.168.1.62:8082" ...................................... passed
Given path "/consumers/my-consumer-group/instances/Manohar_consumer/subscription" . passed
And header Accept = "application/vnd.kafka.v2+json" ....................... passed
When method delete ........................................................ failed

Stack Trace:
com.intuit.karate.exception.KarateException: Kafka03.feature:74 - 
java.net.SocketTimeoutException: Read timed out&#13;
	at ✽.When method delete (Kafka03.feature:74)&#13;

Then status 204 ........................................................... skipped
Given url "http://192.168.1.62:8082" ...................................... passed
Given path "/consumers/my-consumer-group/instances/Manohar_consumer" ...... passed
And header Accept = "application/vnd.kafka.v2+json" ....................... passed
When method delete ........................................................ failed

Stack Trace:
com.intuit.karate.exception.KarateException: Kafka03.feature:81 - 
java.net.SocketTimeoutException: Read timed out&#13;
	at ✽.When method delete (Kafka03.feature:81)&#13;

Then status 204 ........................................................... skipped
Given url "http://192.168.1.62:8082" ...................................... passed
Given path "/consumers/my-consumer-group/instances/Manohar_consumer" ...... passed
And header Accept = "application/vnd.kafka.v2+json" ....................... passed
When method delete ........................................................ failed

Stack Trace:
com.intuit.karate.exception.KarateException: Kafka03.feature:87 - 
java.net.SocketTimeoutException: Read timed out&#13;
	at ✽.When method delete (Kafka03.feature:87)&#13;

Then status 404 ........................................................... skipped
* assert response.message == "Consumer instance not found." ............... skipped</failure>
  </testcase>
</testsuite>
