<testsuite failures="0" name="featurefiles/Karate07.feature" skipped="0" tests="1" time="0.005913">
  <testcase classname="featurefiles.Karate07" name="Datatype validation testcase1" time="0.005913">
    <system-out>Given def a = 10 .......................................................... passed
And def b = "Karate" ...................................................... passed
* def c = true ............................................................ passed
* match a == "#number" .................................................... passed
* match b == "#string" .................................................... passed
* match c == "#boolean" ................................................... passed</system-out>
  </testcase>
</testsuite>
