<testsuite failures="0" name="featurefiles/Karate13.feature" skipped="0" tests="1" time="0.010101">
  <testcase classname="featurefiles.Karate13" name="Javascript function test case1" time="0.010101">
    <system-out>* def fn1 = function(){return 123;} ....................................... passed
* def fn2 = ............................................................... passed
* print fn1() ............................................................. passed
* fn2(33) ................................................................. passed</system-out>
  </testcase>
</testsuite>
