<testsuite failures="0" name="featurefiles/Karate01.feature" skipped="0" tests="4" time="0.020633">
  <testcase classname="featurefiles.Karate01" name="Karate testcase1" time="0.01458">
    <system-out>Given def a = 10 .......................................................... passed
And def b = 20 ............................................................ passed
When def c = a + b ........................................................ passed
Then assert c == 30 ....................................................... passed
And print "C = ",c ........................................................ passed
And karate.log("End of the Test") ......................................... passed</system-out>
  </testcase>
  <testcase classname="featurefiles.Karate01" name="Karate testcase2" time="0.003377">
    <system-out>Given def a = 10 .......................................................... passed
And def b = 20 ............................................................ passed
When def c = a + b ........................................................ passed
Then assert c == 30 ....................................................... passed
And print "C = ",c ........................................................ passed
And karate.log("End of the Test") ......................................... passed
Given def a = 10 .......................................................... passed
* def b = 20 .............................................................. passed
When def c = a + b ........................................................ passed
Then assert c == 30 ....................................................... passed
* print "C = ",C .......................................................... passed
And karate.log("End of the Test") ......................................... passed</system-out>
  </testcase>
  <testcase classname="featurefiles.Karate01" name="Karate testcase3" time="0.001708">
    <system-out>Given def a = 10 .......................................................... passed
And def b = 20 ............................................................ passed
When def c = a + b ........................................................ passed
Then assert c == 30 ....................................................... passed
And print "C = ",c ........................................................ passed
And karate.log("End of the Test") ......................................... passed
Given def a = 10 .......................................................... passed
* def b = 20 .............................................................. passed
When def c = a + b ........................................................ passed
Then assert c == 30 ....................................................... passed
* print "C = ",C .......................................................... passed
And karate.log("End of the Test") ......................................... passed
* def a = 10 .............................................................. passed
* def b = 20 .............................................................. passed
* def c = a + b ........................................................... passed
* assert c == 30 .......................................................... passed
* print "C = ",C .......................................................... passed
* karate.log("End of the Test") ........................................... passed</system-out>
  </testcase>
  <testcase classname="featurefiles.Karate01" name="Karate testcase4" time="0.000968">
    <system-out>Given def a = 10 .......................................................... passed
And def b = 20 ............................................................ passed
When def c = a + b ........................................................ passed
Then assert c == 30 ....................................................... passed
And print "C = ",c ........................................................ passed
And karate.log("End of the Test") ......................................... passed
Given def a = 10 .......................................................... passed
* def b = 20 .............................................................. passed
When def c = a + b ........................................................ passed
Then assert c == 30 ....................................................... passed
* print "C = ",C .......................................................... passed
And karate.log("End of the Test") ......................................... passed
* def a = 10 .............................................................. passed
* def b = 20 .............................................................. passed
* def c = a + b ........................................................... passed
* assert c == 30 .......................................................... passed
* print "C = ",C .......................................................... passed
* karate.log("End of the Test") ........................................... passed
* def a = 10 .............................................................. passed
* def b = 20 .............................................................. passed
Then def c = a + b ........................................................ passed
Given assert c == 30 ...................................................... passed
* print "C = ",c .......................................................... passed
* karate.log("End of the Test") ........................................... passed</system-out>
  </testcase>
</testsuite>
