<testsuite failures="1" name="featurefiles/CallingFeature.feature" skipped="0" tests="1" time="0.313406">
  <testcase classname="featurefiles.CallingFeature" name="Calling Feature Testcase1" time="0.313406">
    <failure message="CallingFeature.feature:6 - &#10;CalledFeature.feature:15 - evaluation (js) failed: 104l, javax.script.ScriptException: &lt;eval&gt;:1:3 Missing space after numeric literal&#13;&#10;104l&#13;&#10;   ^ in &lt;eval&gt; at line number 1 at column number 3&#10;stack trace: jdk.nashorn.api.scripting.NashornScriptEngine.throwAsScriptException(NashornScriptEngine.java:470)">* def result = call read("CalledFeature.feature") ......................... failed

Stack Trace:
com.intuit.karate.exception.KarateException: CallingFeature.feature:6 - 
CalledFeature.feature:15 - evaluation (js) failed: 104l, javax.script.ScriptException: &lt;eval&gt;:1:3 Missing space after numeric literal&#13;
104l&#13;
   ^ in &lt;eval&gt; at line number 1 at column number 3
stack trace: jdk.nashorn.api.scripting.NashornScriptEngine.throwAsScriptException(NashornScriptEngine.java:470)&#13;
	at âœ½.* def result = call read("CalledFeature.feature") (CallingFeature.feature:6)&#13;

* print result ............................................................ skipped
* assert Result.response.string ........................................... skipped</failure>
  </testcase>
</testsuite>
