<testsuite failures="0" name="featurefiles/Karate14.feature" skipped="0" tests="2" time="0.012726">
  <testcase classname="featurefiles.Karate14" name="Non static method TC" time="0.008702">
    <system-out>* def env1 = .............................................................. passed
* print env1() ............................................................ passed
* def res = call env1 ..................................................... passed
* print res ............................................................... passed</system-out>
  </testcase>
  <testcase classname="featurefiles.Karate14" name="static method TC" time="0.004025">
    <system-out>* def env1 = .............................................................. passed
* print env1() ............................................................ passed
* def res = call env1 ..................................................... passed
* print res ............................................................... passed
* def env1 = .............................................................. passed
* print env1() ............................................................ passed
* def res = call env1 ..................................................... passed
* print res ............................................................... passed</system-out>
  </testcase>
</testsuite>
