<testsuite failures="0" name="featurefiles/Karate15.feature" skipped="0" tests="1" time="0.256759">
  <testcase classname="featurefiles.Karate15" name="Karate config test case" time="0.256759">
    <system-out>Given url baseUrl ......................................................... passed
And path listUsers ........................................................ passed
When method 200 ........................................................... passed
* print response .......................................................... passed</system-out>
  </testcase>
</testsuite>
